games/numberpuzzle/apps/app/build/outputs/mapping/release/seeds.txt
io.cocy.twa.DelegationService
io.cocy.twa.LauncherActivity
io.cocy.twa.Application
io.cocy.twa.LauncherActivity: LauncherActivity()
io.cocy.twa.DelegationService: DelegationService()
io.cocy.twa.Application: Application()
...
androidx.lifecycle.CompositeGeneratedAdaptersObserver
androidx.core.app.RemoteActionCompatParcelizer
com.google.androidbrowserhelper.trusted.FocusActivity
androidx.core.graphics.drawable.IconCompat
com.google.androidbrowserhelper.trusted.NotificationPermissionRequestActivity
androidx.core.graphics.drawable.IconCompatParcelizer
androidx.versionedparcelable.CustomVersionedParcelable
androidx.lifecycle.SingleGeneratedAdapterObserver
androidx.versionedparcelable.ParcelImpl
androidx.core.app.RemoteActionCompat
androidx.core.content.FileProvider
com.google.androidbrowserhelper.trusted.WebViewFallbackActivity
androidx.core.app.CoreComponentFactory
android.support.v4.app.RemoteActionCompatParcelizer
com.google.androidbrowserhelper.trusted.ManageDataLauncherActivity
androidx.annotation.Keep
androidx.lifecycle.ReflectiveGenericLifecycleObserver
androidx.browser.browseractions.BrowserActionsFallbackMenuView
android.support.v4.graphics.drawable.IconCompatParcelizer
androidx.lifecycle.FullLifecycleObserverAdapter
androidx.versionedparcelable.ParcelImpl: android.os.Parcelable$Creator CREATOR
androidx.core.app.RemoteActionCompatParcelizer: androidx.core.app.RemoteActionCompat read(androidx.versionedparcelable.VersionedParcel)
android.support.v4.app.RemoteActionCompatParcelizer: androidx.core.app.RemoteActionCompat read(androidx.versionedparcelable.VersionedParcel)
androidx.core.graphics.drawable.IconCompat: IconCompat()
android.support.v4.app.RemoteActionCompatParcelizer: void write(androidx.core.app.RemoteActionCompat,androidx.versionedparcelable.VersionedParcel)
androidx.core.app.RemoteActionCompatParcelizer: void write(androidx.core.app.RemoteActionCompat,androidx.versionedparcelable.VersionedParcel)
androidx.core.content.FileProvider: FileProvider()
com.google.androidbrowserhelper.trusted.ManageDataLauncherActivity: ManageDataLauncherActivity()
androidx.versionedparcelable.CustomVersionedParcelable: CustomVersionedParcelable()
com.google.androidbrowserhelper.trusted.WebViewFallbackActivity: WebViewFallbackActivity()
androidx.core.app.CoreComponentFactory: CoreComponentFactory()
com.google.androidbrowserhelper.trusted.NotificationPermissionRequestActivity: NotificationPermissionRequestActivity()
android.support.v4.graphics.drawable.IconCompatParcelizer: void write(androidx.core.graphics.drawable.IconCompat,androidx.versionedparcelable.VersionedParcel)
androidx.core.graphics.drawable.IconCompatParcelizer: void write(androidx.core.graphics.drawable.IconCompat,androidx.versionedparcelable.VersionedParcel)
com.google.androidbrowserhelper.trusted.FocusActivity: FocusActivity()
android.support.v4.graphics.drawable.IconCompatParcelizer: androidx.core.graphics.drawable.IconCompat read(androidx.versionedparcelable.VersionedParcel)
android.support.v4.app.RemoteActionCompatParcelizer: RemoteActionCompatParcelizer()
android.support.v4.graphics.drawable.IconCompatParcelizer: IconCompatParcelizer()
androidx.core.app.RemoteActionCompat: RemoteActionCompat()
androidx.core.graphics.drawable.IconCompatParcelizer: IconCompatParcelizer()
androidx.browser.browseractions.BrowserActionsFallbackMenuView: BrowserActionsFallbackMenuView(android.content.Context,android.util.AttributeSet)
androidx.core.graphics.drawable.IconCompatParcelizer: androidx.core.graphics.drawable.IconCompat read(androidx.versionedparcelable.VersionedParcel)
androidx.core.app.RemoteActionCompatParcelizer: RemoteActionCompatParcelizer()