games/numberpuzzle/apps/app/build/outputs/mapping/release/mapping.txt
# compiler: R8
# compiler_version: 8.5.10
# min_api: 21
# common_typos_disable
# {"id":"com.android.tools.r8.mapping","version":"2.2"}
# pg_map_id: 86c6ea5
# pg_map_hash: SHA-256 86c6ea57c2689a1442153cc66ae104a6ab1169a8ad35274a0eda47d4741261e3
io.cocy.twa.Application -> io.cocy.twa.Application:
# {"id":"sourceFile","fileName":"Application.java"}
io.cocy.twa.DelegationService -> io.cocy.twa.DelegationService:
# {"id":"sourceFile","fileName":"DelegationService.java"}
io.cocy.twa.LauncherActivity -> io.cocy.twa.LauncherActivity:
# {"id":"sourceFile","fileName":"LauncherActivity.java"}
    1:1:android.net.Uri getLaunchingUrl():0:0 -> h
...
android.support.customtabs.trusted.ITrustedWebActivityCallback$Stub -> b.a$a:
# {"id":"sourceFile","fileName":"ITrustedWebActivityCallback.java"}
    5:25:android.support.customtabs.trusted.ITrustedWebActivityCallback asInterface(android.os.IBinder):0:0 -> s
      # {"id":"com.android.tools.r8.residualsignature","signature":"(Landroid/os/IBinder;)Lb/a;"}
android.support.customtabs.trusted.ITrustedWebActivityCallback$Stub$Proxy -> b.a$a$a:
# {"id":"sourceFile","fileName":"ITrustedWebActivityCallback.java"}
    android.os.IBinder mRemote -> a
    1:6:void <init>(android.os.IBinder):0:0 -> <init>
    1:3:android.os.IBinder asBinder():0:0 -> asBinder
android.support.customtabs.trusted.ITrustedWebActivityService -> b.b:
# {"id":"sourceFile","fileName":"ITrustedWebActivityService.java"}
    android.os.Bundle areNotificationsEnabled(android.os.Bundle) -> a
    android.os.Bundle getActiveNotifications() -> e
    int getSmallIconId() -> i
    void cancelNotification(android.os.Bundle) -> j
    android.os.Bundle extraCommand(java.lang.String,android.os.Bundle,android.os.IBinder) -> k
    android.os.Bundle notifyNotificationWithChannel(android.os.Bundle) -> o
    android.os.Bundle getSmallIconBitmap() -> p
android.support.customtabs.trusted.ITrustedWebActivityService$Stub -> b.b$a:
# {"id":"sourceFile","fileName":"ITrustedWebActivityService.java"}
    1:9:void <init>():0:0 -> <init>
    1:1:android.os.IBinder asBinder():0:0 -> asBinder
    1:1:boolean onTransact(int,android.os.Parcel,android.os.Parcel,int):0:0 -> onTransact
android.support.v4.app.RemoteActionCompatParcelizer -> android.support.v4.app.RemoteActionCompatParcelizer:
# {"id":"sourceFile","fileName":"RemoteActionCompatParcelizer.java"}
android.support.v4.graphics.drawable.IconCompatParcelizer -> android.support.v4.graphics.drawable.IconCompatParcelizer:
# {"id":"sourceFile","fileName":"IconCompatParcelizer.java"}
androidx.annotation.Keep -> c.a:
# {"id":"sourceFile","fileName":"Keep.java"}
androidx.browser.R$dimen -> d.a:
    int browser_actions_context_menu_max_width -> a
    int browser_actions_context_menu_min_padding -> b
androidx.browser.browseractions.BrowserActionsFallbackMenuView -> androidx.browser.browseractions.BrowserActionsFallbackMenuView:
# {"id":"sourceFile","fileName":"BrowserActionsFallbackMenuView.java"}
    int mBrowserActionsMenuMinPaddingPx -> a
    int mBrowserActionsMenuMaxWidthPx -> b
androidx.browser.customtabs.CustomTabColorSchemeParams -> e.a:
# {"id":"sourceFile","fileName":"CustomTabColorSchemeParams.java"}
    java.lang.Integer toolbarColor -> a
    java.lang.Integer secondaryToolbarColor -> b
    java.lang.Integer navigationBarColor -> c
    java.lang.Integer navigationBarDividerColor -> d
    1:12:void <init>(java.lang.Integer,java.lang.Integer,java.lang.Integer,java.lang.Integer):0:0 -> <init>
    3:46:androidx.browser.customtabs.CustomTabColorSchemeParams fromBundle(android.os.Bundle):0:0 -> a
      # {"id":"com.android.tools.r8.residualsignature","signature":"(Landroid/os/Bundle;)Le/a;"}
    1:58:android.os.Bundle toBundle():0:0 -> b
    1:30:androidx.browser.customtabs.CustomTabColorSchemeParams withDefaults(androidx.browser.customtabs.CustomTabColorSchemeParams):0:0 -> c
      # {"id":"com.android.tools.r8.residualsignature","signature":"(Le/a;)Le/a;"}