games/numberpuzzle/apps/app/build/outputs/mapping/release/usage.txt
io.cocy.twa.R$bool
io.cocy.twa.R$color
io.cocy.twa.R$drawable
io.cocy.twa.R$integer
io.cocy.twa.R$mipmap
io.cocy.twa.R$raw
io.cocy.twa.R$string
io.cocy.twa.R$xml
io.cocy.twa.R
...
androidx.browser.customtabs.CustomTabsIntent$Builder:
    public void <init>(androidx.browser.customtabs.CustomTabsSession)
    public androidx.browser.customtabs.CustomTabsIntent$Builder addDefaultShareMenuItem()
    public androidx.browser.customtabs.CustomTabsIntent$Builder addMenuItem(java.lang.String,android.app.PendingIntent)
    public androidx.browser.customtabs.CustomTabsIntent$Builder addToolbarItem(int,android.graphics.Bitmap,java.lang.String,android.app.PendingIntent)
    public androidx.browser.customtabs.CustomTabsIntent$Builder enableUrlBarHiding()
    public androidx.browser.customtabs.CustomTabsIntent$Builder setActionButton(android.graphics.Bitmap,java.lang.String,android.app.PendingIntent)
    public androidx.browser.customtabs.CustomTabsIntent$Builder setActionButton(android.graphics.Bitmap,java.lang.String,android.app.PendingIntent,boolean)
    public androidx.browser.customtabs.CustomTabsIntent$Builder setCloseButtonIcon(android.graphics.Bitmap)
    public androidx.browser.customtabs.CustomTabsIntent$Builder setDefaultColorSchemeParams(androidx.browser.customtabs.CustomTabColorSchemeParams)
    public androidx.browser.customtabs.CustomTabsIntent$Builder setDefaultShareMenuItemEnabled(boolean)
    public androidx.browser.customtabs.CustomTabsIntent$Builder setExitAnimations(android.content.Context,int,int)
    public androidx.browser.customtabs.CustomTabsIntent$Builder setInstantAppsEnabled(boolean)
androidx.browser.customtabs.CustomTabsIntent$ColorScheme
androidx.browser.customtabs.CustomTabsIntent$ShareState
androidx.browser.customtabs.CustomTabsIntent:
    public static final int COLOR_SCHEME_DARK
    public static final int COLOR_SCHEME_LIGHT
    private static final int COLOR_SCHEME_MAX
    public static final int COLOR_SCHEME_SYSTEM
    public static final java.lang.String EXTRA_ACTION_BUTTON_BUNDLE
    public static final java.lang.String EXTRA_CLOSE_BUTTON_ICON
    public static final java.lang.String EXTRA_COLOR_SCHEME
    public static final java.lang.String EXTRA_COLOR_SCHEME_PARAMS
    public static final java.lang.String EXTRA_DEFAULT_SHARE_MENU_ITEM
    public static final java.lang.String EXTRA_ENABLE_INSTANT_APPS
    public static final java.lang.String EXTRA_ENABLE_URLBAR_HIDING
    public static final java.lang.String EXTRA_EXIT_ANIMATION_BUNDLE
    public static final java.lang.String EXTRA_MENU_ITEMS
    public static final java.lang.String EXTRA_NAVIGATION_BAR_COLOR
    public static final java.lang.String EXTRA_NAVIGATION_BAR_DIVIDER_COLOR
    public static final java.lang.String EXTRA_REMOTEVIEWS
    public static final java.lang.String EXTRA_REMOTEVIEWS_CLICKED_ID
    public static final java.lang.String EXTRA_REMOTEVIEWS_PENDINGINTENT
    public static final java.lang.String EXTRA_REMOTEVIEWS_VIEW_IDS
    public static final java.lang.String EXTRA_SECONDARY_TOOLBAR_COLOR
    public static final java.lang.String EXTRA_SESSION
    public static final java.lang.String EXTRA_SESSION_ID
    public static final java.lang.String EXTRA_SHARE_STATE
androidx.browser.customtabs.CustomTabsService$1
androidx.browser.customtabs.CustomTabsService$FilePurpose
androidx.browser.customtabs.CustomTabsService$Relation
androidx.browser.customtabs.CustomTabsService$Result
androidx.browser.customtabs.CustomTabsService
androidx.browser.customtabs.CustomTabsServiceConnection:
    android.content.Context getApplicationContext()
androidx.browser.customtabs.CustomTabsSession$MockSession
androidx.browser.customtabs.CustomTabsSession$PendingSession